$ npm run generate

> database@1.0.0 generate
> prisma generate

Prisma schema loaded from prisma/schema.prisma

✔ Generated Prisma Client (3.15.2 | library) to ./../../node_modules/@prisma/client in 385ms
You can now start using Prisma Client in your code. Reference: https://pris.ly/d/client
```
import { PrismaClient } from '@prisma/client'
const prisma = new PrismaClient()
```
$ tsup
CLI Building entry: src/index.ts
CLI Using tsconfig: tsconfig.json
CLI tsup v5.12.9
CLI Using tsup config: /Users/gauravsuthar/school/packages/database/tsup.config.ts
CLI Target: node12
CLI Cleaning output folder
CJS Build start
ESM Build start
CJS ⚡️ Build success in 7ms
ESM ⚡️ Build success in 7ms
CJS dist/index.js     1.58 KB
CJS dist/index.js.map 615.00 B
ESM dist/index.mjs     1.36 KB
ESM dist/index.mjs.map 611.00 B
DTS Build start
DTS ⚡️ Build success in 900ms
DTS dist/index.d.ts 392.00 B
